# JRE version: OpenJDK Runtime Environment Temurin-21.0.8+9 (21.0.8+9) (build 21.0.8+9-LTS)
# Java VM: OpenJDK 64-Bit Server VM Temurin-21.0.8+9 (21.0.8+9-LTS, mixed mode, sharing, tiered, compressed oops, compressed class ptrs, g1 gc, windows-amd64)
GC Precious Log:
 CardTable entry size: 512
 Card Set container configuration: InlinePtr #cards 5 size 8 Array Of Cards #cards 12 size 40 Howl #buckets 4 coarsen threshold 1843 Howl Bitmap #cards 512 size 80 coarsen threshold 460 Card regions per heap region 1 cards per card region 2048
 CPUs: 12 total, 12 available
 Memory: 7521M
 Large Page Support: Disabled
 NUMA Support: Disabled
 Compressed Oops: Enabled (32-bit)
 Heap Region Size: 1M
 Heap Min Capacity: 8M
 Heap Initial Capacity: 118M
 Heap Max Capacity: 1882M
 Pre-touch: Disabled
 Parallel Workers: 10
 Concurrent Workers: 3
 Concurrent Refinement Workers: 10
 Periodic GC: Disabled
Heap:
 garbage-first heap   total 171008K, used 73687K [0x000000008a600000, 0x0000000100000000)
  region size 1024K, 30 young (30720K), 5 survivors (5120K)
 Metaspace       used 94769K, committed 95488K, reserved 1179648K
  class space    used 12950K, committed 13248K, reserved 1048576K
GC Heap History (20 events):
Event: 6.822 GC heap before
{Heap before GC invocations=28 (full 0):
 garbage-first heap   total 71680K, used 61988K [0x000000008a600000, 0x0000000100000000)
  region size 1024K, 20 young (20480K), 3 survivors (3072K)
 Metaspace       used 83726K, committed 84416K, reserved 1179648K
  class space    used 11739K, committed 12032K, reserved 1048576K
}
Event: 6.824 GC heap after
{Heap after GC invocations=29 (full 0):
 garbage-first heap   total 153600K, used 45305K [0x000000008a600000, 0x0000000100000000)
  region size 1024K, 1 young (1024K), 1 survivors (1024K)
 Metaspace       used 83726K, committed 84416K, reserved 1179648K
  class space    used 11739K, committed 12032K, reserved 1048576K
}
Event: 6.952 GC heap before
{Heap before GC invocations=30 (full 0):
 garbage-first heap   total 150528K, used 134393K [0x000000008a600000, 0x0000000100000000)
  region size 1024K, 88 young (90112K), 1 survivors (1024K)
 Metaspace       used 83797K, committed 84480K, reserved 1179648K
  class space    used 11743K, committed 12032K, reserved 1048576K
}
Event: 6.964 GC heap after
{Heap after GC invocations=31 (full 0):
 garbage-first heap   total 155648K, used 64213K [0x000000008a600000, 0x0000000100000000)
  region size 1024K, 11 young (11264K), 11 survivors (11264K)
 Metaspace       used 83797K, committed 84480K, reserved 1179648K
  class space    used 11743K, committed 12032K, reserved 1048576K
}
Event: 7.365 GC heap before
{Heap before GC invocations=31 (full 0):
 garbage-first heap   total 155648K, used 114389K [0x000000008a600000, 0x0000000100000000)
  region size 1024K, 60 young (61440K), 11 survivors (11264K)
 Metaspace       used 86491K, committed 87168K, reserved 1179648K
  class space    used 12138K, committed 12416K, reserved 1048576K
}
Event: 7.374 GC heap after
{Heap after GC invocations=32 (full 0):
 garbage-first heap   total 155648K, used 70952K [0x000000008a600000, 0x0000000100000000)
  region size 1024K, 8 young (8192K), 8 survivors (8192K)
 Metaspace       used 86491K, committed 87168K, reserved 1179648K
  class space    used 12138K, committed 12416K, reserved 1048576K
}
Event: 217.181 GC heap before
{Heap before GC invocations=32 (full 0):
 garbage-first heap   total 155648K, used 120104K [0x000000008a600000, 0x0000000100000000)
  region size 1024K, 57 young (58368K), 8 survivors (8192K)
 Metaspace       used 91126K, committed 91904K, reserved 1179648K
  class space    used 12728K, committed 13056K, reserved 1048576K
}
Event: 217.247 GC heap after
{Heap after GC invocations=33 (full 0):
 garbage-first heap   total 155648K, used 74332K [0x000000008a600000, 0x0000000100000000)
  region size 1024K, 4 young (4096K), 4 survivors (4096K)
 Metaspace       used 91126K, committed 91904K, reserved 1179648K
  class space    used 12728K, committed 13056K, reserved 1048576K
}
Event: 486.840 GC heap before
{Heap before GC invocations=34 (full 0):
 garbage-first heap   total 155648K, used 115292K [0x000000008a600000, 0x0000000100000000)
  region size 1024K, 55 young (56320K), 4 survivors (4096K)
 Metaspace       used 93088K, committed 93760K, reserved 1179648K
  class space    used 12943K, committed 13248K, reserved 1048576K
}
Event: 486.893 GC heap after
{Heap after GC invocations=35 (full 0):
 garbage-first heap   total 155648K, used 63793K [0x000000008a600000, 0x0000000100000000)
  region size 1024K, 5 young (5120K), 5 survivors (5120K)
 Metaspace       used 93088K, committed 93760K, reserved 1179648K
  class space    used 12943K, committed 13248K, reserved 1048576K
}
Event: 590.717 GC heap before
{Heap before GC invocations=35 (full 0):
 garbage-first heap   total 155648K, used 126257K [0x000000008a600000, 0x0000000100000000)
  region size 1024K, 66 young (67584K), 5 survivors (5120K)
 Metaspace       used 93529K, committed 94272K, reserved 1179648K
  class space    used 12945K, committed 13248K, reserved 1048576K
}
Event: 590.787 GC heap after
{Heap after GC invocations=36 (full 0):
 garbage-first heap   total 155648K, used 55294K [0x000000008a600000, 0x0000000100000000)
  region size 1024K, 5 young (5120K), 5 survivors (5120K)
 Metaspace       used 93529K, committed 94272K, reserved 1179648K
  class space    used 12945K, committed 13248K, reserved 1048576K
}
Event: 592.906 GC heap before
{Heap before GC invocations=36 (full 0):
 garbage-first heap   total 155648K, used 124926K [0x000000008a600000, 0x0000000100000000)
  region size 1024K, 74 young (75776K), 5 survivors (5120K)
 Metaspace       used 93963K, committed 94656K, reserved 1179648K
  class space    used 12949K, committed 13248K, reserved 1048576K
}
Event: 592.943 GC heap after
{Heap after GC invocations=37 (full 0):
 garbage-first heap   total 155648K, used 55387K [0x000000008a600000, 0x0000000100000000)
  region size 1024K, 5 young (5120K), 5 survivors (5120K)
 Metaspace       used 93963K, committed 94656K, reserved 1179648K
  class space    used 12949K, committed 13248K, reserved 1048576K
}
Event: 595.391 GC heap before
{Heap before GC invocations=38 (full 0):
 garbage-first heap   total 155648K, used 129115K [0x000000008a600000, 0x0000000100000000)
  region size 1024K, 78 young (79872K), 5 survivors (5120K)
 Metaspace       used 94454K, committed 95232K, reserved 1179648K
  class space    used 12949K, committed 13248K, reserved 1048576K
}
Event: 595.403 GC heap after
{Heap after GC invocations=39 (full 0):
 garbage-first heap   total 155648K, used 55489K [0x000000008a600000, 0x0000000100000000)
  region size 1024K, 5 young (5120K), 5 survivors (5120K)
 Metaspace       used 94454K, committed 95232K, reserved 1179648K
  class space    used 12949K, committed 13248K, reserved 1048576K
}
Event: 597.615 GC heap before
{Heap before GC invocations=39 (full 0):
 garbage-first heap   total 155648K, used 133313K [0x000000008a600000, 0x0000000100000000)
  region size 1024K, 82 young (83968K), 5 survivors (5120K)
 Metaspace       used 94727K, committed 95424K, reserved 1179648K
  class space    used 12950K, committed 13248K, reserved 1048576K
}
Event: 597.653 GC heap after
{Heap after GC invocations=40 (full 0):
 garbage-first heap   total 155648K, used 50076K [0x000000008a600000, 0x0000000100000000)
  region size 1024K, 5 young (5120K), 5 survivors (5120K)
 Metaspace       used 94727K, committed 95424K, reserved 1179648K
  class space    used 12950K, committed 13248K, reserved 1048576K
}
Event: 600.149 GC heap before
{Heap before GC invocations=40 (full 0):
 garbage-first heap   total 155648K, used 136092K [0x000000008a600000, 0x0000000100000000)
  region size 1024K, 90 young (92160K), 5 survivors (5120K)
 Metaspace       used 94769K, committed 95488K, reserved 1179648K
  class space    used 12950K, committed 13248K, reserved 1048576K
}
Event: 600.229 GC heap after
{Heap after GC invocations=41 (full 0):
 garbage-first heap   total 217088K, used 50135K [0x000000008a600000, 0x0000000100000000)
  region size 1024K, 5 young (5120K), 5 survivors (5120K)
 Metaspace       used 94769K, committed 95488K, reserved 1179648K
  class space    used 12950K, committed 13248K, reserved 1048576K
}

